<?xml version="1.0" encoding="UTF-8"?>
<robot generator="Robot 6.0.2 (Python 3.8.9 on darwin)" generated="20230323 14:43:15.431" rpa="false" schemaversion="3">
<suite id="s1" name="Test" source="/Users/jawidmusthafa/PycharmProjects/pythonProject5/Demoweb/Test.robot">
<test id="s1-t1" name="com" line="9">
<status status="FAIL" starttime="20230323 14:43:15.543" endtime="20230323 14:43:15.543">Test contains no keywords.</status>
</test>
<test id="s1-t2" name="This sample testcase" line="10">
<kw name="Open Browser" library="SeleniumLibrary">
<arg>https://demowebshop.tricentis.com/register</arg>
<arg>firefox</arg>
<doc>Opens a new browser instance to the optional ``url``.</doc>
<msg timestamp="20230323 14:43:15.544" level="INFO">Opening browser 'firefox' to base url 'https://demowebshop.tricentis.com/register'.</msg>
<msg timestamp="20230323 14:43:15.546" level="INFO">Firefox driver log is always forced to to: /Users/jawidmusthafa/PycharmProjects/pythonProject5/Demoweb/Results/geckodriver-164.log</msg>
<status status="PASS" starttime="20230323 14:43:15.544" endtime="20230323 14:43:20.728"/>
</kw>
<kw name="Wait Until Element Is Visible" library="SeleniumLibrary">
<arg>xpath:/html/body/div[4]/div[1]/div[2]/ul[1]/li[2]/a</arg>
<doc>Waits until the element ``locator`` is visible.</doc>
<status status="PASS" starttime="20230323 14:43:20.729" endtime="20230323 14:43:20.764"/>
</kw>
<kw name="Mouse Over" library="SeleniumLibrary">
<arg>xpath:/html/body/div[4]/div[1]/div[2]/ul[1]/li[2]/a</arg>
<doc>Simulates hovering the mouse over the element ``locator``.</doc>
<msg timestamp="20230323 14:43:20.765" level="INFO">Simulating Mouse Over on element 'xpath:/html/body/div[4]/div[1]/div[2]/ul[1]/li[2]/a'.</msg>
<status status="PASS" starttime="20230323 14:43:20.764" endtime="20230323 14:43:21.042"/>
</kw>
<kw name="Wait Until Element Is Visible" library="SeleniumLibrary">
<arg>xpath:/html/body/div[4]/div[1]/div[2]/ul[1]/li[2]/ul/li[1]/a</arg>
<doc>Waits until the element ``locator`` is visible.</doc>
<status status="PASS" starttime="20230323 14:43:21.042" endtime="20230323 14:43:21.053"/>
</kw>
<kw name="Click Element" library="SeleniumLibrary">
<arg>xpath:/html/body/div[4]/div[1]/div[2]/ul[1]/li[2]/ul/li[1]/a</arg>
<doc>Click the element identified by ``locator``.</doc>
<msg timestamp="20230323 14:43:21.053" level="INFO">Clicking element 'xpath:/html/body/div[4]/div[1]/div[2]/ul[1]/li[2]/ul/li[1]/a'.</msg>
<status status="PASS" starttime="20230323 14:43:21.053" endtime="20230323 14:43:22.458"/>
</kw>
<kw name="Click Element" library="SeleniumLibrary">
<arg>xpath:/html/body/div[4]/div[1]/div[4]/div[2]/div[2]/div[2]/div[3]/div[1]/div/div[2]/div[3]/div[2]/input</arg>
<doc>Click the element identified by ``locator``.</doc>
<msg timestamp="20230323 14:43:22.459" level="INFO">Clicking element 'xpath:/html/body/div[4]/div[1]/div[4]/div[2]/div[2]/div[2]/div[3]/div[1]/div/div[2]/div[3]/div[2]/input'.</msg>
<status status="PASS" starttime="20230323 14:43:22.458" endtime="20230323 14:43:22.676"/>
</kw>
<kw name="Wait Until Element Is Visible" library="SeleniumLibrary">
<arg>xpath:(//input[@name='product_attribute_72_5_18'])</arg>
<doc>Waits until the element ``locator`` is visible.</doc>
<status status="PASS" starttime="20230323 14:43:22.676" endtime="20230323 14:43:24.157"/>
</kw>
<kw name="Page Should Contain Radio Button" library="SeleniumLibrary">
<arg>xpath:(//input[@name='product_attribute_72_5_18'])</arg>
<doc>Verifies radio button ``locator`` is found from current page.</doc>
<msg timestamp="20230323 14:43:24.182" level="INFO">Current page contains radio button 'xpath:(//input[@name='product_attribute_72_5_18'])'.</msg>
<status status="PASS" starttime="20230323 14:43:24.157" endtime="20230323 14:43:24.182"/>
</kw>
<kw name="Select Radio Button" library="SeleniumLibrary">
<arg>product_attribute_72_5_18</arg>
<arg>52</arg>
<doc>Sets the radio button group ``group_name`` to ``value``.</doc>
<msg timestamp="20230323 14:43:24.183" level="INFO">Selecting '52' from radio button 'product_attribute_72_5_18'.</msg>
<status status="PASS" starttime="20230323 14:43:24.183" endtime="20230323 14:43:24.404"/>
</kw>
<kw name="Page Should Contain Radio Button" library="SeleniumLibrary">
<arg>xpath:(//input[@name='product_attribute_72_6_19'])</arg>
<doc>Verifies radio button ``locator`` is found from current page.</doc>
<msg timestamp="20230323 14:43:24.439" level="INFO">Current page contains radio button 'xpath:(//input[@name='product_attribute_72_6_19'])'.</msg>
<status status="PASS" starttime="20230323 14:43:24.404" endtime="20230323 14:43:24.439"/>
</kw>
<kw name="Select Radio Button" library="SeleniumLibrary">
<arg>product_attribute_72_6_19</arg>
<arg>91</arg>
<doc>Sets the radio button group ``group_name`` to ``value``.</doc>
<msg timestamp="20230323 14:43:24.439" level="INFO">Selecting '91' from radio button 'product_attribute_72_6_19'.</msg>
<status status="PASS" starttime="20230323 14:43:24.439" endtime="20230323 14:43:24.721"/>
</kw>
<kw name="Page Should Contain Checkbox" library="SeleniumLibrary">
<arg>xpath:(//input[@name='product_attribute_72_8_30'])</arg>
<doc>Verifies checkbox ``locator`` is found from the current page.</doc>
<msg timestamp="20230323 14:43:24.757" level="INFO">Current page contains checkbox 'xpath:(//input[@name='product_attribute_72_8_30'])'.</msg>
<status status="PASS" starttime="20230323 14:43:24.721" endtime="20230323 14:43:24.757"/>
</kw>
<kw name="Select Checkbox" library="SeleniumLibrary">
<arg>xpath:(//input[@name='product_attribute_72_8_30'])</arg>
<doc>Selects the checkbox identified by ``locator``.</doc>
<msg timestamp="20230323 14:43:24.758" level="INFO">Selecting checkbox 'xpath:(//input[@name='product_attribute_72_8_30'])'.</msg>
<status status="PASS" starttime="20230323 14:43:24.758" endtime="20230323 14:43:25.057"/>
</kw>
<kw name="Page Should Contain Element" library="SeleniumLibrary">
<arg>xpath://*[@id="addtocart_72_EnteredQuantity"]</arg>
<doc>Verifies that element ``locator`` is found on the current page.</doc>
<msg timestamp="20230323 14:43:25.060" level="INFO">Current page contains element 'xpath://*[@id="addtocart_72_EnteredQuantity"]'.</msg>
<status status="PASS" starttime="20230323 14:43:25.057" endtime="20230323 14:43:25.060"/>
</kw>
<kw name="Input Text" library="SeleniumLibrary">
<arg>xpath://*[@id="addtocart_72_EnteredQuantity"]</arg>
<arg>5</arg>
<doc>Types the given ``text`` into the text field identified by ``locator``.</doc>
<msg timestamp="20230323 14:43:25.060" level="INFO">Typing text '5' into text field 'xpath://*[@id="addtocart_72_EnteredQuantity"]'.</msg>
<status status="PASS" starttime="20230323 14:43:25.060" endtime="20230323 14:43:25.077"/>
</kw>
<kw name="Click Element" library="SeleniumLibrary">
<arg>xpath://input[@id='add-to-cart-button-72']</arg>
<doc>Click the element identified by ``locator``.</doc>
<msg timestamp="20230323 14:43:25.078" level="INFO">Clicking element 'xpath://input[@id='add-to-cart-button-72']'.</msg>
<status status="PASS" starttime="20230323 14:43:25.078" endtime="20230323 14:43:25.299"/>
</kw>
<kw name="Click Element" library="SeleniumLibrary">
<arg>xpath://*[@id="add-to-cart-button-72"]</arg>
<doc>Click the element identified by ``locator``.</doc>
<msg timestamp="20230323 14:43:25.300" level="INFO">Clicking element 'xpath://*[@id="add-to-cart-button-72"]'.</msg>
<status status="PASS" starttime="20230323 14:43:25.299" endtime="20230323 14:43:25.529"/>
</kw>
<kw name="Sleep" library="BuiltIn">
<arg>3s</arg>
<doc>Pauses the test executed for the given time.</doc>
<msg timestamp="20230323 14:43:28.530" level="INFO">Slept 3 seconds</msg>
<status status="PASS" starttime="20230323 14:43:25.529" endtime="20230323 14:43:28.530"/>
</kw>
<kw name="Click Element" library="SeleniumLibrary">
<arg>xpath://*[@id="topcartlink"]/a/span[1]</arg>
<doc>Click the element identified by ``locator``.</doc>
<msg timestamp="20230323 14:43:28.532" level="INFO">Clicking element 'xpath://*[@id="topcartlink"]/a/span[1]'.</msg>
<status status="PASS" starttime="20230323 14:43:28.531" endtime="20230323 14:43:29.344"/>
</kw>
<kw name="Sleep" library="BuiltIn">
<arg>3s</arg>
<doc>Pauses the test executed for the given time.</doc>
<msg timestamp="20230323 14:43:32.345" level="INFO">Slept 3 seconds</msg>
<status status="PASS" starttime="20230323 14:43:29.344" endtime="20230323 14:43:32.345"/>
</kw>
<kw name="Page Should Contain Checkbox" library="SeleniumLibrary">
<arg>xpath://input[@name='removefromcart']</arg>
<doc>Verifies checkbox ``locator`` is found from the current page.</doc>
<msg timestamp="20230323 14:43:32.377" level="INFO">Current page contains checkbox 'xpath://input[@name='removefromcart']'.</msg>
<status status="PASS" starttime="20230323 14:43:32.346" endtime="20230323 14:43:32.377"/>
</kw>
<kw name="Select Checkbox" library="SeleniumLibrary">
<arg>removefromcart</arg>
<doc>Selects the checkbox identified by ``locator``.</doc>
<msg timestamp="20230323 14:43:32.378" level="INFO">Selecting checkbox 'removefromcart'.</msg>
<status status="PASS" starttime="20230323 14:43:32.377" endtime="20230323 14:43:32.616"/>
</kw>
<kw name="Page Should Contain Element" library="SeleniumLibrary">
<arg>xpath:/html/body/div[4]/div[1]/div[4]/div/div/div[2]/div/form/table/tbody/tr/td[5]/input</arg>
<doc>Verifies that element ``locator`` is found on the current page.</doc>
<msg timestamp="20230323 14:43:32.626" level="INFO">Current page contains element 'xpath:/html/body/div[4]/div[1]/div[4]/div/div/div[2]/div/form/table/tbody/tr/td[5]/input'.</msg>
<status status="PASS" starttime="20230323 14:43:32.616" endtime="20230323 14:43:32.626"/>
</kw>
<kw name="Select From List By Label" library="SeleniumLibrary">
<arg>//*[@id="CountryId"]</arg>
<arg>Canada</arg>
<doc>Selects options from selection list ``locator`` by ``labels``.</doc>
<msg timestamp="20230323 14:43:32.627" level="INFO">Selecting options from selection list '//*[@id="CountryId"]' by label Canada.</msg>
<status status="PASS" starttime="20230323 14:43:32.626" endtime="20230323 14:43:32.891"/>
</kw>
<kw name="Sleep 5">
<msg timestamp="20230323 14:43:32.895" level="FAIL">No keyword with name 'Sleep 5' found. Did you mean:
    BuiltIn.Sleep</msg>
<status status="FAIL" starttime="20230323 14:43:32.895" endtime="20230323 14:43:32.896"/>
</kw>
<kw name="Close Browser" library="SeleniumLibrary">
<doc>Closes the current browser.</doc>
<status status="NOT RUN" starttime="20230323 14:43:32.896" endtime="20230323 14:43:32.896"/>
</kw>
<status status="FAIL" starttime="20230323 14:43:15.543" endtime="20230323 14:43:32.896">No keyword with name 'Sleep 5' found. Did you mean:
    BuiltIn.Sleep</status>
</test>
<status status="FAIL" starttime="20230323 14:43:15.432" endtime="20230323 14:43:32.897"/>
</suite>
<statistics>
<total>
<stat pass="0" fail="2" skip="0">All Tests</stat>
</total>
<tag>
</tag>
<suite>
<stat pass="0" fail="2" skip="0" id="s1" name="Test">Test</stat>
</suite>
</statistics>
<errors>
</errors>
</robot>
